WARNING: A terminally deprecated method in sun.misc.Unsafe has been called
WARNING: sun.misc.Unsafe::objectFieldOffset has been called by com.google.common.util.concurrent.AbstractFuture$UnsafeAtomicHelper (file:/usr/share/maven/lib/guava.jar)
WARNING: Please consider reporting this to the maintainers of class com.google.common.util.concurrent.AbstractFuture$UnsafeAtomicHelper
WARNING: sun.misc.Unsafe::objectFieldOffset will be removed in a future release
[[1;34mINFO[m] Scanning for projects...
[[1;34mINFO[m] 
[[1;34mINFO[m] [1m-------------------< [0;36mes.esimarket:ESIMarketBackend[0;1m >--------------------[m
[[1;34mINFO[m] [1mBuilding ESIMarket 0.0.1-SNAPSHOT[m
[[1;34mINFO[m] [1m--------------------------------[ jar ]---------------------------------[m
[[1;34mINFO[m] 
[[1;34mINFO[m] [1m>>> [0;32mspring-boot-maven-plugin:3.5.6:run[m [1m(default-cli)[0;1m > [0;1mtest-compile[m @ [36mESIMarketBackend[0;1m >>>[m
[[1;34mINFO[m] 
[[1;34mINFO[m] [1m--- [0;32mmaven-resources-plugin:3.3.1:resources[m [1m(default-resources)[m @ [36mESIMarketBackend[0;1m ---[m
[[1;34mINFO[m] Copying 1 resource from src/main/resources to target/classes
[[1;34mINFO[m] Copying 19 resources from src/main/resources to target/classes
[[1;34mINFO[m] 
[[1;34mINFO[m] [1m--- [0;32mmaven-compiler-plugin:3.14.0:compile[m [1m(default-compile)[m @ [36mESIMarketBackend[0;1m ---[m
[[1;34mINFO[m] Nothing to compile - all classes are up to date.
[[1;34mINFO[m] 
[[1;34mINFO[m] [1m--- [0;32mmaven-resources-plugin:3.3.1:testResources[m [1m(default-testResources)[m @ [36mESIMarketBackend[0;1m ---[m
[[1;34mINFO[m] skip non existing resourceDirectory /home/pinf/ESIMarket/src/test/resources
[[1;34mINFO[m] 
[[1;34mINFO[m] [1m--- [0;32mmaven-compiler-plugin:3.14.0:testCompile[m [1m(default-testCompile)[m @ [36mESIMarketBackend[0;1m ---[m
[[1;34mINFO[m] No sources to compile
[[1;34mINFO[m] 
[[1;34mINFO[m] [1m<<< [0;32mspring-boot-maven-plugin:3.5.6:run[m [1m(default-cli)[0;1m < [0;1mtest-compile[m @ [36mESIMarketBackend[0;1m <<<[m
[[1;34mINFO[m] 
[[1;34mINFO[m] 
[[1;34mINFO[m] [1m--- [0;32mspring-boot-maven-plugin:3.5.6:run[m [1m(default-cli)[m @ [36mESIMarketBackend[0;1m ---[m
[[1;34mINFO[m] Attaching agents: []

  .   ____          _            __ _ _
 /\\ / ___'_ __ _ _(_)_ __  __ _ \ \ \ \
( ( )\___ | '_ | '_| | '_ \/ _` | \ \ \ \
 \\/  ___)| |_)| | | | | || (_| |  ) ) ) )
  '  |____| .__|_| |_|_| |_\__, | / / / /
 =========|_|==============|___/=/_/_/_/

 :: Spring Boot ::                (v3.5.6)

2025-11-12T13:39:40.880Z  INFO 330835 --- [ESIMarketBackend] [           main] e.e.backend.ESIMarketApplication         : Starting ESIMarketApplication using Java 25 with PID 330835 (/home/pinf/ESIMarket/target/classes started by miguel7736 in /home/pinf/ESIMarket)
2025-11-12T13:39:40.882Z  INFO 330835 --- [ESIMarketBackend] [           main] e.e.backend.ESIMarketApplication         : No active profile set, falling back to 1 default profile: "default"
2025-11-12T13:39:41.335Z  INFO 330835 --- [ESIMarketBackend] [           main] .s.d.r.c.RepositoryConfigurationDelegate : Bootstrapping Spring Data JPA repositories in DEFAULT mode.
2025-11-12T13:39:41.385Z  INFO 330835 --- [ESIMarketBackend] [           main] .s.d.r.c.RepositoryConfigurationDelegate : Finished Spring Data repository scanning in 45 ms. Found 7 JPA repository interfaces.
2025-11-12T13:39:41.888Z  INFO 330835 --- [ESIMarketBackend] [           main] o.s.b.w.embedded.tomcat.TomcatWebServer  : Tomcat initialized with port 443 (https)
2025-11-12T13:39:41.900Z  INFO 330835 --- [ESIMarketBackend] [           main] o.apache.catalina.core.StandardService   : Starting service [Tomcat]
2025-11-12T13:39:41.900Z  INFO 330835 --- [ESIMarketBackend] [           main] o.apache.catalina.core.StandardEngine    : Starting Servlet engine: [Apache Tomcat/10.1.46]
2025-11-12T13:39:41.934Z  INFO 330835 --- [ESIMarketBackend] [           main] o.a.c.c.C.[Tomcat].[localhost].[/]       : Initializing Spring embedded WebApplicationContext
2025-11-12T13:39:41.935Z  INFO 330835 --- [ESIMarketBackend] [           main] w.s.c.ServletWebServerApplicationContext : Root WebApplicationContext: initialization completed in 1021 ms
2025-11-12T13:39:42.061Z  INFO 330835 --- [ESIMarketBackend] [           main] o.hibernate.jpa.internal.util.LogHelper  : HHH000204: Processing PersistenceUnitInfo [name: default]
2025-11-12T13:39:42.091Z  INFO 330835 --- [ESIMarketBackend] [           main] org.hibernate.Version                    : HHH000412: Hibernate ORM core version 6.6.29.Final
2025-11-12T13:39:42.112Z  INFO 330835 --- [ESIMarketBackend] [           main] o.h.c.internal.RegionFactoryInitiator    : HHH000026: Second-level cache disabled
2025-11-12T13:39:42.295Z  INFO 330835 --- [ESIMarketBackend] [           main] o.s.o.j.p.SpringPersistenceUnitInfo      : No LoadTimeWeaver setup: ignoring JPA class transformer
2025-11-12T13:39:42.327Z  INFO 330835 --- [ESIMarketBackend] [           main] com.zaxxer.hikari.HikariDataSource       : HikariPool-1 - Starting...
2025-11-12T13:39:42.611Z  INFO 330835 --- [ESIMarketBackend] [           main] com.zaxxer.hikari.pool.HikariPool        : HikariPool-1 - Added connection com.mysql.cj.jdbc.ConnectionImpl@23c05889
2025-11-12T13:39:42.612Z  INFO 330835 --- [ESIMarketBackend] [           main] com.zaxxer.hikari.HikariDataSource       : HikariPool-1 - Start completed.
2025-11-12T13:39:42.664Z  INFO 330835 --- [ESIMarketBackend] [           main] org.hibernate.orm.connections.pooling    : HHH10001005: Database info:
	Database JDBC URL [Connecting through datasource 'HikariDataSource (HikariPool-1)']
	Database driver: undefined/unknown
	Database version: 8.0.43
	Autocommit mode: undefined/unknown
	Isolation level: undefined/unknown
	Minimum pool size: undefined/unknown
	Maximum pool size: undefined/unknown
2025-11-12T13:39:43.323Z  INFO 330835 --- [ESIMarketBackend] [           main] o.h.e.t.j.p.i.JtaPlatformInitiator       : HHH000489: No JTA platform available (set 'hibernate.transaction.jta.platform' to enable JTA platform integration)
2025-11-12T13:39:43.325Z  INFO 330835 --- [ESIMarketBackend] [           main] j.LocalContainerEntityManagerFactoryBean : Initialized JPA EntityManagerFactory for persistence unit 'default'
2025-11-12T13:39:43.654Z  INFO 330835 --- [ESIMarketBackend] [           main] eAuthenticationProviderManagerConfigurer : Global AuthenticationManager configured with AuthenticationProvider bean with name authenticationProvider
2025-11-12T13:39:43.802Z  INFO 330835 --- [ESIMarketBackend] [           main] o.s.b.a.w.s.WelcomePageHandlerMapping    : Adding welcome page template: index
2025-11-12T13:39:44.307Z  INFO 330835 --- [ESIMarketBackend] [           main] .w.s.a.s.AnnotationActionEndpointMapping : Supporting [WS-Addressing August 2004, WS-Addressing 1.0]
2025-11-12T13:39:44.439Z  INFO 330835 --- [ESIMarketBackend] [           main] o.a.t.util.net.NioEndpoint.certificate   : Connector [https-jsse-nio-443], TLS virtual host [_default_], certificate type [UNDEFINED] configured from keystore [/home/miguel7736/.keystore] using alias [*.esimarket.es] with trust store [null]
2025-11-12T13:39:44.446Z  INFO 330835 --- [ESIMarketBackend] [           main] o.s.b.w.embedded.tomcat.TomcatWebServer  : Tomcat started on port 443 (https) with context path '/'
2025-11-12T13:39:44.454Z  INFO 330835 --- [ESIMarketBackend] [           main] e.e.backend.ESIMarketApplication         : Started ESIMarketApplication in 3.877 seconds (process running for 4.087)
✅ Conectado a la base de datos real: ESIM
📊 Usuarios encontrados en esa base: 4
Hibernate: select t1_0.id,t1_0.Expirado,t1_0.Revocado,t1_0.JwTToken,t1_0.Tipo,t1_0.uDNI from token t1_0 where t1_0.Expirado or t1_0.Revocado
2025-11-12T13:48:45.643Z  INFO 330835 --- [ESIMarketBackend] [ionShutdownHook] o.s.b.w.e.tomcat.GracefulShutdown        : Commencing graceful shutdown. Waiting for active requests to complete
2025-11-12T13:48:45.645Z  INFO 330835 --- [ESIMarketBackend] [tomcat-shutdown] o.s.b.w.e.tomcat.GracefulShutdown        : Graceful shutdown complete
2025-11-12T13:48:45.648Z  INFO 330835 --- [ESIMarketBackend] [ionShutdownHook] j.LocalContainerEntityManagerFactoryBean : Closing JPA EntityManagerFactory for persistence unit 'default'
2025-11-12T13:48:45.650Z  INFO 330835 --- [ESIMarketBackend] [ionShutdownHook] com.zaxxer.hikari.HikariDataSource       : HikariPool-1 - Shutdown initiated...
2025-11-12T13:48:45.653Z  INFO 330835 --- [ESIMarketBackend] [ionShutdownHook] com.zaxxer.hikari.HikariDataSource       : HikariPool-1 - Shutdown completed.
WARNING: A terminally deprecated method in sun.misc.Unsafe has been called
WARNING: sun.misc.Unsafe::objectFieldOffset has been called by com.google.common.util.concurrent.AbstractFuture$UnsafeAtomicHelper (file:/usr/share/maven/lib/guava.jar)
WARNING: Please consider reporting this to the maintainers of class com.google.common.util.concurrent.AbstractFuture$UnsafeAtomicHelper
WARNING: sun.misc.Unsafe::objectFieldOffset will be removed in a future release
[[1;34mINFO[m] Scanning for projects...
[[1;34mINFO[m] 
[[1;34mINFO[m] [1m-------------------< [0;36mes.esimarket:ESIMarketBackend[0;1m >--------------------[m
[[1;34mINFO[m] [1mBuilding ESIMarket 0.0.1-SNAPSHOT[m
[[1;34mINFO[m] [1m--------------------------------[ jar ]---------------------------------[m
[[1;34mINFO[m] 
[[1;34mINFO[m] [1m>>> [0;32mspring-boot-maven-plugin:3.5.6:run[m [1m(default-cli)[0;1m > [0;1mtest-compile[m @ [36mESIMarketBackend[0;1m >>>[m
[[1;34mINFO[m] 
[[1;34mINFO[m] [1m--- [0;32mmaven-resources-plugin:3.3.1:resources[m [1m(default-resources)[m @ [36mESIMarketBackend[0;1m ---[m
[[1;34mINFO[m] Copying 1 resource from src/main/resources to target/classes
[[1;34mINFO[m] Copying 19 resources from src/main/resources to target/classes
[[1;34mINFO[m] 
[[1;34mINFO[m] [1m--- [0;32mmaven-compiler-plugin:3.14.0:compile[m [1m(default-compile)[m @ [36mESIMarketBackend[0;1m ---[m
[[1;34mINFO[m] Nothing to compile - all classes are up to date.
[[1;34mINFO[m] 
[[1;34mINFO[m] [1m--- [0;32mmaven-resources-plugin:3.3.1:testResources[m [1m(default-testResources)[m @ [36mESIMarketBackend[0;1m ---[m
[[1;34mINFO[m] skip non existing resourceDirectory /home/pinf/ESIMarket/src/test/resources
[[1;34mINFO[m] 
[[1;34mINFO[m] [1m--- [0;32mmaven-compiler-plugin:3.14.0:testCompile[m [1m(default-testCompile)[m @ [36mESIMarketBackend[0;1m ---[m
[[1;34mINFO[m] No sources to compile
[[1;34mINFO[m] 
[[1;34mINFO[m] [1m<<< [0;32mspring-boot-maven-plugin:3.5.6:run[m [1m(default-cli)[0;1m < [0;1mtest-compile[m @ [36mESIMarketBackend[0;1m <<<[m
[[1;34mINFO[m] 
[[1;34mINFO[m] 
[[1;34mINFO[m] [1m--- [0;32mspring-boot-maven-plugin:3.5.6:run[m [1m(default-cli)[m @ [36mESIMarketBackend[0;1m ---[m
[[1;34mINFO[m] Attaching agents: []

  .   ____          _            __ _ _
 /\\ / ___'_ __ _ _(_)_ __  __ _ \ \ \ \
( ( )\___ | '_ | '_| | '_ \/ _` | \ \ \ \
 \\/  ___)| |_)| | | | | || (_| |  ) ) ) )
  '  |____| .__|_| |_|_| |_\__, | / / / /
 =========|_|==============|___/=/_/_/_/

 :: Spring Boot ::                (v3.5.6)

2025-11-12T13:54:44.195Z  INFO 332058 --- [ESIMarketBackend] [           main] e.e.backend.ESIMarketApplication         : Starting ESIMarketApplication using Java 25 with PID 332058 (/home/pinf/ESIMarket/target/classes started by miguel7736 in /home/pinf/ESIMarket)
2025-11-12T13:54:44.197Z  INFO 332058 --- [ESIMarketBackend] [           main] e.e.backend.ESIMarketApplication         : No active profile set, falling back to 1 default profile: "default"
2025-11-12T13:54:44.654Z  INFO 332058 --- [ESIMarketBackend] [           main] .s.d.r.c.RepositoryConfigurationDelegate : Bootstrapping Spring Data JPA repositories in DEFAULT mode.
2025-11-12T13:54:44.703Z  INFO 332058 --- [ESIMarketBackend] [           main] .s.d.r.c.RepositoryConfigurationDelegate : Finished Spring Data repository scanning in 44 ms. Found 7 JPA repository interfaces.
2025-11-12T13:54:45.201Z  INFO 332058 --- [ESIMarketBackend] [           main] o.s.b.w.embedded.tomcat.TomcatWebServer  : Tomcat initialized with port 443 (https)
2025-11-12T13:54:45.213Z  INFO 332058 --- [ESIMarketBackend] [           main] o.apache.catalina.core.StandardService   : Starting service [Tomcat]
2025-11-12T13:54:45.213Z  INFO 332058 --- [ESIMarketBackend] [           main] o.apache.catalina.core.StandardEngine    : Starting Servlet engine: [Apache Tomcat/10.1.46]
2025-11-12T13:54:45.247Z  INFO 332058 --- [ESIMarketBackend] [           main] o.a.c.c.C.[Tomcat].[localhost].[/]       : Initializing Spring embedded WebApplicationContext
2025-11-12T13:54:45.248Z  INFO 332058 --- [ESIMarketBackend] [           main] w.s.c.ServletWebServerApplicationContext : Root WebApplicationContext: initialization completed in 1019 ms
2025-11-12T13:54:45.369Z  INFO 332058 --- [ESIMarketBackend] [           main] o.hibernate.jpa.internal.util.LogHelper  : HHH000204: Processing PersistenceUnitInfo [name: default]
2025-11-12T13:54:45.400Z  INFO 332058 --- [ESIMarketBackend] [           main] org.hibernate.Version                    : HHH000412: Hibernate ORM core version 6.6.29.Final
2025-11-12T13:54:45.420Z  INFO 332058 --- [ESIMarketBackend] [           main] o.h.c.internal.RegionFactoryInitiator    : HHH000026: Second-level cache disabled
2025-11-12T13:54:45.603Z  INFO 332058 --- [ESIMarketBackend] [           main] o.s.o.j.p.SpringPersistenceUnitInfo      : No LoadTimeWeaver setup: ignoring JPA class transformer
2025-11-12T13:54:45.634Z  INFO 332058 --- [ESIMarketBackend] [           main] com.zaxxer.hikari.HikariDataSource       : HikariPool-1 - Starting...
2025-11-12T13:54:45.915Z  INFO 332058 --- [ESIMarketBackend] [           main] com.zaxxer.hikari.pool.HikariPool        : HikariPool-1 - Added connection com.mysql.cj.jdbc.ConnectionImpl@32d22650
2025-11-12T13:54:45.916Z  INFO 332058 --- [ESIMarketBackend] [           main] com.zaxxer.hikari.HikariDataSource       : HikariPool-1 - Start completed.
2025-11-12T13:54:45.969Z  INFO 332058 --- [ESIMarketBackend] [           main] org.hibernate.orm.connections.pooling    : HHH10001005: Database info:
	Database JDBC URL [Connecting through datasource 'HikariDataSource (HikariPool-1)']
	Database driver: undefined/unknown
	Database version: 8.0.43
	Autocommit mode: undefined/unknown
	Isolation level: undefined/unknown
	Minimum pool size: undefined/unknown
	Maximum pool size: undefined/unknown
2025-11-12T13:54:46.624Z  INFO 332058 --- [ESIMarketBackend] [           main] o.h.e.t.j.p.i.JtaPlatformInitiator       : HHH000489: No JTA platform available (set 'hibernate.transaction.jta.platform' to enable JTA platform integration)
2025-11-12T13:54:46.626Z  INFO 332058 --- [ESIMarketBackend] [           main] j.LocalContainerEntityManagerFactoryBean : Initialized JPA EntityManagerFactory for persistence unit 'default'
2025-11-12T13:54:46.953Z  INFO 332058 --- [ESIMarketBackend] [           main] eAuthenticationProviderManagerConfigurer : Global AuthenticationManager configured with AuthenticationProvider bean with name authenticationProvider
2025-11-12T13:54:47.100Z  INFO 332058 --- [ESIMarketBackend] [           main] o.s.b.a.w.s.WelcomePageHandlerMapping    : Adding welcome page template: index
2025-11-12T13:54:47.598Z  INFO 332058 --- [ESIMarketBackend] [           main] .w.s.a.s.AnnotationActionEndpointMapping : Supporting [WS-Addressing August 2004, WS-Addressing 1.0]
2025-11-12T13:54:47.730Z  INFO 332058 --- [ESIMarketBackend] [           main] o.a.t.util.net.NioEndpoint.certificate   : Connector [https-jsse-nio-443], TLS virtual host [_default_], certificate type [UNDEFINED] configured from keystore [/home/miguel7736/.keystore] using alias [*.esimarket.es] with trust store [null]
2025-11-12T13:54:47.738Z  INFO 332058 --- [ESIMarketBackend] [           main] o.s.b.w.embedded.tomcat.TomcatWebServer  : Tomcat started on port 443 (https) with context path '/'
2025-11-12T13:54:47.745Z  INFO 332058 --- [ESIMarketBackend] [           main] e.e.backend.ESIMarketApplication         : Started ESIMarketApplication in 3.856 seconds (process running for 4.065)
✅ Conectado a la base de datos real: ESIM
📊 Usuarios encontrados en esa base: 4
Hibernate: select t1_0.id,t1_0.Expirado,t1_0.Revocado,t1_0.JwTToken,t1_0.Tipo,t1_0.uDNI from token t1_0 where t1_0.Expirado or t1_0.Revocado
2025-11-12T13:55:41.562Z  INFO 332058 --- [ESIMarketBackend] [-nio-443-exec-8] o.a.c.c.C.[Tomcat].[localhost].[/]       : Initializing Spring DispatcherServlet 'dispatcherServlet'
2025-11-12T13:55:41.562Z  INFO 332058 --- [ESIMarketBackend] [-nio-443-exec-8] o.s.web.servlet.DispatcherServlet        : Initializing Servlet 'dispatcherServlet'
2025-11-12T13:55:41.563Z  INFO 332058 --- [ESIMarketBackend] [-nio-443-exec-8] o.s.web.servlet.DispatcherServlet        : Completed initialization in 1 ms
2025-11-12T14:04:05.703Z  INFO 332058 --- [ESIMarketBackend] [ionShutdownHook] o.s.b.w.e.tomcat.GracefulShutdown        : Commencing graceful shutdown. Waiting for active requests to complete
2025-11-12T14:04:05.704Z  INFO 332058 --- [ESIMarketBackend] [tomcat-shutdown] o.s.b.w.e.tomcat.GracefulShutdown        : Graceful shutdown complete
2025-11-12T14:04:05.708Z  INFO 332058 --- [ESIMarketBackend] [ionShutdownHook] j.LocalContainerEntityManagerFactoryBean : Closing JPA EntityManagerFactory for persistence unit 'default'
2025-11-12T14:04:05.709Z  INFO 332058 --- [ESIMarketBackend] [ionShutdownHook] com.zaxxer.hikari.HikariDataSource       : HikariPool-1 - Shutdown initiated...
2025-11-12T14:04:05.712Z  INFO 332058 --- [ESIMarketBackend] [ionShutdownHook] com.zaxxer.hikari.HikariDataSource       : HikariPool-1 - Shutdown completed.
